Arguments: 
  /home/leandro/.nvm/versions/node/v12.13.0/bin/node /usr/share/yarn/bin/yarn.js install

PATH: 
  /home/leandro/.nvm/versions/node/v12.13.0/bin:/home/leandro/.zplugin/polaris/bin:/home/leandro/bin:/usr/local/bin:/usr/local/sbin:/usr/local/bin:/usr/sbin:/usr/bin:/sbin:/bin:/usr/games:/usr/local/games:/snap/bin:/home/leandro/Android/Sdk/emulator:/home/leandro/Android/Sdk/tools:/home/leandro/Android/Sdk/tools/bin:/home/leandro/Android/Sdk/platform-tools

Yarn version: 
  1.21.1

Node version: 
  12.13.0

Platform: 
  linux x64

Trace: 
  Error: getaddrinfo EAI_AGAIN codeload.github.com
      at GetAddrInfoReqWrap.onlookup [as oncomplete] (dns.js:60:26)

npm manifest: 
  {
    "main": "node_modules/expo/AppEntry.js",
    "scripts": {
      "start": "expo start",
      "android": "expo start --android",
      "ios": "expo start --ios",
      "web": "expo start --web",
      "eject": "expo eject"
    },
    "dependencies": {
      "expo": "~36.0.0",
      "react": "~16.9.0",
      "react-dom": "~16.9.0",
      "react-native": "https://github.com/expo/react-native/archive/sdk-36.0.0.tar.gz",
      "react-native-web": "~0.11.7"
    },
    "devDependencies": {
      "babel-preset-expo": "~8.0.0",
      "@babel/core": "^7.0.0"
    },
    "private": true
  }

yarn manifest: 
  No manifest

Lockfile: 
  No lockfile
